2024-05-16 13:59:56,181 - root - INFO - *********** Test_Login **********
2024-05-16 13:59:56,181 - root - INFO - *********** Verifying Home Page Title **********
2024-05-16 14:00:10,110 - root - INFO - *********** Home page title test is passed **********
2024-05-16 14:00:14,018 - root - INFO - *********** Verifying Login **********
2024-05-16 14:00:44,210 - root - INFO - *********** Login test is passed **********
2024-05-20 09:32:42,586 - root - INFO - *********** Test_Login **********
2024-05-20 09:32:43,423 - root - INFO - *********** Verifying Home Page Title **********
2024-05-20 09:32:58,121 - root - INFO - *********** Home page title test is passed **********
2024-05-20 09:33:00,840 - root - INFO - *********** Verifying Login **********
2024-05-20 09:33:30,419 - root - INFO - *********** Login test is passed **********
2024-05-20 09:34:16,274 - root - INFO - *********** Test_Login **********
2024-05-20 09:34:16,274 - root - INFO - *********** Verifying Home Page Title **********
2024-05-20 09:34:31,793 - root - INFO - *********** Home page title test is passed **********
2024-05-20 09:34:41,202 - root - INFO - *********** Verifying Login **********
2024-05-20 09:35:09,101 - root - INFO - *********** Login test is passed **********
2024-05-20 09:44:09,430 - root - INFO - *********** Test_Login **********
2024-05-20 09:44:09,446 - root - INFO - *********** Verifying Home Page Title **********
2024-05-20 09:44:09,768 - root - INFO - *********** Verifying Login **********
2024-05-20 09:51:27,166 - root - INFO - *********** Test_Login **********
2024-05-20 09:51:27,167 - root - INFO - *********** Verifying Home Page Title **********
2024-05-20 09:51:44,574 - root - INFO - *********** Home page title test is passed **********
2024-05-20 09:51:48,975 - root - INFO - *********** Verifying Login **********
2024-05-20 09:52:20,645 - root - INFO - *********** Login test is passed **********
2024-05-20 09:55:08,358 - root - INFO - *********** Test_Login **********
2024-05-20 09:55:08,358 - root - INFO - *********** Verifying Home Page Title **********
2024-05-20 09:55:28,297 - root - INFO - *********** Home page title test is passed **********
2024-05-20 09:55:33,607 - root - INFO - *********** Verifying Login **********
2024-05-20 09:56:05,199 - root - INFO - *********** Test_Login **********
2024-05-20 09:56:05,200 - root - INFO - *********** Verifying Home Page Title **********
2024-05-20 09:56:23,520 - root - INFO - *********** Home page title test is passed **********
2024-05-20 09:56:27,261 - root - INFO - *********** Verifying Login **********
2024-05-20 09:56:55,792 - root - INFO - *********** Login test is passed **********
2024-05-20 10:06:11,347 - root - INFO - *********** Test_Login **********
***
2024-05-20 10:06:11,497 - root - INFO - *********** Verifying Home Page Title **********
2024-05-20 10:07:06,118 - root - INFO - *********** Home page title test is passed **********
2024-05-20 10:07:28,164 - root - INFO - *********** Login test is passed **********
2024-05-20 10:20:54,090 - root - INFO - *********** Test_Login **********
2024-05-20 10:20:54,090 - root - INFO - *********** Verifying Home Page Title **********
2024-05-20 10:21:12,032 - root - INFO - *********** Home page title test is passed **********
2024-05-20 10:21:21,374 - root - INFO - *********** Verifying Login **********
2024-05-20 10:21:52,623 - root - INFO - *********** Login test is passed **********
2024-05-20 10:38:05,189 - root - INFO - *********** Test_Login **********
2024-05-20 10:38:05,208 - root - INFO - *********** Verifying Home Page Title **********
2024-05-20 10:38:22,063 - root - INFO - *********** Home page title test is passed **********
2024-05-20 10:38:33,904 - root - INFO - *********** Verifying Login **********
2024-05-20 10:39:06,559 - root - INFO - *********** Login test is passed **********
2024-05-20 10:50:03,334 - root - INFO - *********** Test_Login **********
2024-05-20 10:50:03,334 - root - INFO - *********** Verifying Home Page Title **********
2024-05-20 10:50:18,878 - root - INFO - *********** Home page title test is passed **********
2024-05-20 10:50:27,801 - root - INFO - *********** Verifying Login **********
2024-05-20 10:50:52,684 - root - INFO - *********** Login test is passed **********
2024-05-20 10:52:10,935 - root - INFO - *********** Test_Login **********
2024-05-20 10:52:10,959 - root - INFO - *********** Verifying Home Page Title **********
2024-05-20 10:52:25,372 - root - INFO - *********** Home page title test is passed **********
2024-05-20 10:52:34,447 - root - INFO - *********** Verifying Login **********
2024-05-20 10:53:01,359 - root - INFO - *********** Login test is passed **********
2024-05-20 11:06:38,900 - root - INFO - *********** Test_Login **********
2024-05-20 11:06:38,919 - root - INFO - *********** Verifying Home Page Title **********
2024-05-20 11:06:59,292 - root - INFO - *********** Home page title test is passed **********
2024-05-20 11:07:10,184 - root - INFO - *********** Verifying Login **********
2024-05-20 11:07:44,416 - root - INFO - *********** Login test is passed **********
2024-05-20 11:11:33,307 - root - INFO - *********** Test_Login **********
2024-05-20 11:11:33,307 - root - INFO - *********** Verifying Home Page Title **********
2024-05-20 11:11:48,337 - root - INFO - *********** Home page title test is passed **********
2024-05-20 11:11:57,100 - root - INFO - *********** Verifying Login **********
2024-05-20 11:12:22,472 - root - INFO - *********** Login test is passed **********
2024-05-20 11:14:38,808 - root - INFO - *********** Test_Login **********
2024-05-20 11:14:38,808 - root - INFO - *********** Verifying Home Page Title **********
2024-05-20 11:15:09,883 - root - INFO - *********** Home page title test is passed **********
2024-05-20 11:15:18,188 - root - INFO - *********** Verifying Login **********
2024-05-20 11:15:47,894 - root - INFO - *********** Login test is passed **********
2024-05-20 11:17:33,260 - root - INFO - *********** Test_Login **********
2024-05-20 11:17:33,260 - root - INFO - *********** Verifying Home Page Title **********
2024-05-20 11:17:49,243 - root - INFO - *********** Home page title test is passed **********
2024-05-20 11:17:57,514 - root - INFO - *********** Verifying Login **********
2024-05-20 11:18:23,636 - root - INFO - *********** Login test is passed **********
2024-05-20 11:21:32,519 - root - INFO - *********** Test_Login **********
2024-05-20 11:21:32,519 - root - INFO - *********** Verifying Home Page Title **********
2024-05-20 11:21:47,764 - root - INFO - *********** Home page title test is passed **********
2024-05-20 11:21:56,304 - root - INFO - *********** Verifying Login **********
2024-05-20 11:22:22,626 - root - INFO - *********** Login test is passed **********
2024-06-04 11:27:53,288 - root - INFO - *********** Test_Login **********
2024-06-04 11:27:53,307 - root - INFO - *********** Verifying Home Page Title **********
2024-06-04 11:28:11,730 - root - INFO - *********** Home page title test is passed **********
2024-06-04 11:28:22,488 - root - INFO - *********** Verifying Login **********
2024-06-04 11:28:51,488 - root - INFO - *********** Login test is passed **********
2024-06-13 16:09:51,530 - root - INFO - *********** Test_Login **********
2024-06-13 16:09:51,557 - root - INFO - *********** Verifying Home Page Title **********
2024-06-13 16:10:15,945 - root - INFO - *********** Home page title test is passed **********
2024-06-13 16:10:26,800 - root - INFO - *********** Verifying Login **********
2024-06-13 16:15:27,978 - root - INFO - *********** Test_Login **********
2024-06-13 16:15:27,978 - root - INFO - *********** Verifying Home Page Title **********
2024-06-13 16:15:44,622 - root - INFO - *********** Home page title test is passed **********
2024-06-13 16:15:48,331 - root - INFO - *********** Verifying Login **********
2024-06-13 16:16:23,368 - root - INFO - *********** Login test is passed **********
2024-06-13 17:30:58,661 - root - INFO - *********** Test_Login **********
2024-06-13 17:30:58,728 - root - INFO - *********** Verifying Home Page Title **********
2024-06-13 17:31:13,971 - root - INFO - *********** Home page title test is passed **********
2024-06-13 17:31:17,536 - root - INFO - *********** Verifying Login **********
2024-06-13 17:31:49,013 - root - INFO - *********** Login test is passed **********
2024-06-13 17:32:57,116 - root - INFO - *********** Test_Login **********
2024-06-13 17:32:57,117 - root - INFO - *********** Verifying Home Page Title **********
2024-06-13 17:33:19,986 - root - INFO - *********** Home page title test is passed **********
2024-06-13 17:33:22,576 - root - INFO - *********** Verifying Login **********
2024-06-13 17:33:58,415 - root - INFO - *********** Login test is passed **********
2024-06-13 17:34:38,055 - root - INFO - *********** Test_Login **********
2024-06-13 17:34:38,056 - root - INFO - *********** Verifying Home Page Title **********
2024-06-13 17:34:54,728 - root - INFO - *********** Home page title test is passed **********
2024-06-13 17:34:57,277 - root - INFO - *********** Verifying Login **********
2024-06-13 17:35:27,763 - root - INFO - *********** Login test is passed **********
2024-06-13 17:35:59,961 - root - INFO - *********** Test_Login **********
2024-06-13 17:35:59,962 - root - INFO - *********** Verifying Home Page Title **********
2024-06-13 17:36:16,327 - root - INFO - *********** Home page title test is passed **********
2024-06-13 17:36:26,176 - root - INFO - *********** Verifying Login **********
2024-06-13 17:36:53,725 - root - INFO - *********** Login test is passed **********
2024-06-13 17:37:55,187 - root - INFO - *********** Test_Login **********
2024-06-13 17:37:55,188 - root - INFO - *********** Verifying Home Page Title **********
2024-06-13 17:38:10,837 - root - INFO - *********** Home page title test is passed **********
2024-06-13 17:38:13,309 - root - INFO - *********** Verifying Login **********
2024-06-13 17:38:43,722 - root - INFO - *********** Login test is passed **********
2024-06-13 17:39:00,297 - root - INFO - *********** Test_Login **********
2024-06-13 17:39:00,297 - root - INFO - *********** Verifying Home Page Title **********
2024-06-13 17:39:14,969 - root - INFO - *********** Home page title test is passed **********
2024-06-13 17:39:24,995 - root - INFO - *********** Verifying Login **********
2024-06-13 17:39:52,230 - root - INFO - *********** Login test is passed **********
